#
# A fatal error has been detected by the Java Runtime Environment:
#
#  EXCEPTION_ACCESS_VIOLATION (0xc0000005) at pc=0x00007ffa7dee4bbb, pid=2520, tid=25632
#
# JRE version: OpenJDK Runtime Environment Temurin-20.0.1+9 (20.0.1+9) (build 20.0.1+9)
# Java VM: OpenJDK 64-Bit Server VM Temurin-20.0.1+9 (20.0.1+9, mixed mode, sharing, tiered, compressed oops, compressed class ptrs, g1 gc, windows-amd64)
# Problematic frame:
# C  [profilerinterface.dll+0x4bbb]
#
# No core dump will be written. Minidumps are not enabled by default on client versions of Windows
#
# If you would like to submit a bug report, please visit:
#   https://github.com/adoptium/adoptium-support/issues
# The crash happened outside the Java Virtual Machine in native code.
# See problematic frame for where to report the bug.
#

---------------  S U M M A R Y ------------

Command Line: -Dfile.encoding=UTF-8 -agentpath:C:/Program Files/NetBeans-18/netbeans/profiler/lib/deployed/jdk16/windows-amd64/profilerinterface.dll=C:\\Program Files\\NetBeans-18\\netbeans\\profiler\\lib,5140,10 -XX:+HeapDumpOnOutOfMemoryError -XX:HeapDumpPath=C:\\Users\\Mark\\Documents\\NetbeansProjects\\SortingVisualiser\\nbproject\\private\\profiler --module-path=C:\Users\Mark\Documents\NetbeansProjects\SortingVisualiser\build\classes sortingvisualiser.Main

Host: AMD Ryzen 7 5800X3D 8-Core Processor           , 16 cores, 31G,  Windows 11 , 64 bit Build 22621 (10.0.22621.1928)
Time: Sun Jul 16 03:00:36 2023 GMT Summer Time elapsed time: 1.706867 seconds (0d 0h 0m 1s)

---------------  T H R E A D  ---------------

Current thread (0x0000015bbc4191e0):  JavaThread "*** Profiler Agent Communication Thread" daemon [_thread_in_native, id=25632, stack(0x000000545ca00000,0x000000545cb00000)]

Stack: [0x000000545ca00000,0x000000545cb00000],  sp=0x000000545caff380,  free space=1020k
Native frames: (J=compiled Java code, j=interpreted, Vv=VM code, C=native code)
C  [profilerinterface.dll+0x4bbb]

Java frames: (J=compiled Java code, j=interpreted, Vv=VM code)
j  org.netbeans.lib.profiler.server.system.Stacks.getMethodNamesForJMethodIds(I[I[I)[B+0
j  org.netbeans.lib.profiler.server.ProfilerInterface.getMethodNamesForJMethodIds([I)Lorg/netbeans/lib/profiler/wireprotocol/MethodNamesResponse;+20
j  org.netbeans.lib.profiler.server.ProfilerServer.handleClientCommand(Lorg/netbeans/lib/profiler/wireprotocol/Command;)V+691
j  org.netbeans.lib.profiler.server.ProfilerServer.listenToClient()V+48
j  org.netbeans.lib.profiler.server.ProfilerServer.run()V+22
v  ~StubRoutines::call_stub 0x0000015ba5cb100d

siginfo: EXCEPTION_ACCESS_VIOLATION (0xc0000005), reading address 0x0000000000000000


Registers:
RAX=0x00007ffaa121f550, RBX=0x0000000000000000, RCX=0x00007ffaa121f4a0, RDX=0x0000000000000000
RSP=0x000000545caff380, RBP=0x0000015bc0d7e2d0, RSI=0x0000015bbcf5a228, RDI=0x0000000000000002
R8 =0x00007ffaa1220990, R9 =0x0000000000000000, R10=0x0000000000000000, R11=0x000000545caff220
R12=0x00007ffa7dee7f28, R13=0x0000015bbcd1fdc8, R14=0x0000015bbc4194c0, R15=0x000000000000000b
RIP=0x00007ffa7dee4bbb, EFLAGS=0x0000000000010206


Register to memory mapping:

RIP=0x00007ffa7dee4bbb profilerinterface.dll
RAX=0x00007ffaa121f550 ucrtbase.dll
RBX=0x0 is NULL
RCX=0x00007ffaa121f4a0 ucrtbase.dll
RDX=0x0 is NULL
RSP=0x000000545caff380 is pointing into the stack for thread: 0x0000015bbc4191e0
RBP=0x0000015bc0d7e2d0 points into unknown readable memory: 0x0000001300000003 | 03 00 00 00 13 00 00 00
RSI=0x0000015bbcf5a228 is pointing into metadata
RDI=0x0000000000000002 is an unknown value
R8 =0x00007ffaa1220990 ucrtbase.dll
R9 =0x0 is NULL
R10=0x0 is NULL
R11=0x000000545caff220 is pointing into the stack for thread: 0x0000015bbc4191e0
R12=0x00007ffa7dee7f28 profilerinterface.dll
R13={method} {0x0000015bbcd1fdd0} 'getMethodNamesForJMethodIds' '(I[I[I)[B' in 'org/netbeans/lib/profiler/server/system/Stacks'
R14=0x0000015bbc4194c0 points into unknown readable memory: 0x00007ff9cac13850 | 50 38 c1 ca f9 7f 00 00
R15=0x000000000000000b is an unknown value


Top of Stack: (sp=0x000000545caff380)
0x000000545caff380:   0000000000000000 00007ffa7dee7890
0x000000545caff390:   000000545caff410 0000000000000001
0x000000545caff3a0:   000000545caff3d0 0000015ba5d1cbd5
0x000000545caff3b0:   0000015bcade6d70 0000015bc0afd0a0
0x000000545caff3c0:   0000015bcade6730 0000000000000000
0x000000545caff3d0:   0000000000000000 0000015ba5cd1e6e
0x000000545caff3e0:   0000015bbc4191e0 000000545caff4c8
0x000000545caff3f0:   0000000000045ba6 0000015bbcf5a228
0x000000545caff400:   000000545caff498 0000015ba5cd1ff3
0x000000545caff410:   0000015bbc2d70b8 0000000000000000
0x000000545caff420:   0000015bbcd1fd00 0000015bbcd1fdc8
0x000000545caff430:   000000545caff4b8 0000015bbc4191e0
0x000000545caff440:   0000015bbcf5a228 0000015ba5cd1c96
0x000000545caff450:   000000545caff450 0000015bbcd1fdc8
0x000000545caff460:   000000545caff4c8 0000015bbcd20290
0x000000545caff470:   0000000000000000 0000000601534128
0x000000545caff480:   0000015bbcd1fdc8 0000000000000000
0x000000545caff490:   000000545caff4b8 000000545caff518
0x000000545caff4a0:   0000015ba5ccdfe3 0000000601534128
0x000000545caff4b0:   0000015ba5ccf89a 000000061f6c8c20
0x000000545caff4c0:   000000061f6c8be0 000000000000000b
0x000000545caff4d0:   000000545caff4d0 0000015bbc8b1814
0x000000545caff4e0:   000000545caff550 0000015bbc8b65a0
0x000000545caff4f0:   0000000000000000 0000000601175930
0x000000545caff500:   0000015bbc8b1880 000000545caff4b8
0x000000545caff510:   000000545caff550 000000545caff5a8
0x000000545caff520:   0000015ba5ccdfe3 0000000000000000
0x000000545caff530:   0000000000000000 000000000000002c
0x000000545caff540:   000000000000000b 0000000000000004
0x000000545caff550:   000000061f6c8be0 0000000601167558
0x000000545caff560:   000000545caff560 0000015bbc86b8fb
0x000000545caff570:   000000545caff638 0000015bbc86d2b8 

Instructions: (pc=0x00007ffa7dee4bbb)
0x00007ffa7dee4abb:   ff ff ff 66 90 48 ff c0 80 3c 02 00 75 f7 80 3a
0x00007ffa7dee4acb:   4c 75 18 48 98 80 7c 10 ff 3b 75 0f c6 44 10 ff
0x00007ffa7dee4adb:   00 48 8b 4c 24 30 48 ff c1 eb 03 48 8b ca e8 f2
0x00007ffa7dee4aeb:   06 00 00 48 8b 4c 24 38 e8 e8 06 00 00 48 8b 4c
0x00007ffa7dee4afb:   24 40 e8 de 06 00 00 80 bc 24 a0 00 00 00 00 48
0x00007ffa7dee4b0b:   8d 0d cb 33 00 00 49 0f 45 cc e8 c6 06 00 00 48
0x00007ffa7dee4b1b:   8b 0d 1f 6e 00 00 48 8b 54 24 30 48 8b 01 ff 90
0x00007ffa7dee4b2b:   70 01 00 00 48 8b 54 24 48 48 85 d2 74 10 48 8b
0x00007ffa7dee4b3b:   0d 00 6e 00 00 48 8b 01 ff 90 70 01 00 00 48 8b
0x00007ffa7dee4b4b:   0d f0 6d 00 00 48 8b 54 24 38 48 8b 01 ff 90 70
0x00007ffa7dee4b5b:   01 00 00 48 8b 0d db 6d 00 00 48 8b 54 24 40 48
0x00007ffa7dee4b6b:   8b 01 ff 90 70 01 00 00 48 8b 54 24 50 48 85 d2
0x00007ffa7dee4b7b:   0f 84 bd 00 00 00 48 8b 0d b8 6d 00 00 48 8b 01
0x00007ffa7dee4b8b:   ff 90 70 01 00 00 e9 a8 00 00 00 b9 02 00 00 00
0x00007ffa7dee4b9b:   ff 15 9f 25 00 00 48 8b c8 48 8d 15 e5 2c 00 00
0x00007ffa7dee4bab:   e8 60 c7 ff ff b9 02 00 00 00 ff 15 85 25 00 00
0x00007ffa7dee4bbb:   44 8b 0b 48 8d 15 13 2d 00 00 48 8b c8 4c 8b c3
0x00007ffa7dee4bcb:   e8 40 c7 ff ff b9 02 00 00 00 ff 15 65 25 00 00
0x00007ffa7dee4bdb:   4c 8b 84 24 90 00 00 00 48 8d 15 1e 2d 00 00 48
0x00007ffa7dee4beb:   8b c8 e8 1e c7 ff ff 48 83 bc 24 90 00 00 00 00
0x00007ffa7dee4bfb:   b9 02 00 00 00 74 22 ff 15 38 25 00 00 48 8b c8
0x00007ffa7dee4c0b:   48 8d 15 1e 2d 00 00 48 8b 84 24 90 00 00 00 44
0x00007ffa7dee4c1b:   8b 00 e8 ee c6 ff ff eb 15 ff 15 16 25 00 00 48
0x00007ffa7dee4c2b:   8b c8 48 8d 15 0c 2d 00 00 e8 d7 c6 ff ff e8 32
0x00007ffa7dee4c3b:   03 00 00 48 ff c7 49 3b ff 0f 8c 46 fd ff ff 4c
0x00007ffa7dee4c4b:   8b a4 24 98 00 00 00 48 8b cd ff 15 85 24 00 00
0x00007ffa7dee4c5b:   49 8b 06 49 8b ce 8b 15 ad 65 00 00 ff 90 80 05
0x00007ffa7dee4c6b:   00 00 48 8b 0d 8c 65 00 00 45 33 c0 4d 8b 16 48
0x00007ffa7dee4c7b:   8b d0 44 8b 0d 90 65 00 00 48 8b d8 48 89 4c 24
0x00007ffa7dee4c8b:   20 49 8b ce 41 ff 92 80 06 00 00 48 8b 0d 6b 65
0x00007ffa7dee4c9b:   00 00 46 8d 0c bd 00 00 00 00 4d 8b 16 45 33 c0
0x00007ffa7dee4cab:   48 8b 94 24 b0 00 00 00 48 89 4c 24 20 49 8b ce 


Stack slot to memory mapping:
stack at sp + 0 slots: 0x0 is NULL
stack at sp + 1 slots: 0x00007ffa7dee7890 profilerinterface.dll
stack at sp + 2 slots: 0x000000545caff410 is pointing into the stack for thread: 0x0000015bbc4191e0
stack at sp + 3 slots: 0x0000000000000001 is an unknown value
stack at sp + 4 slots: 0x000000545caff3d0 is pointing into the stack for thread: 0x0000015bbc4191e0
stack at sp + 5 slots: 0x0000015ba5d1cbd5 is at code_begin+4053 in 
[CodeBlob (0x0000015ba5d1bb90)]
Framesize: 0
BufferBlob (0x0000015ba5d1bb90) used for native signature handlers
stack at sp + 6 slots: 0x0000015bcade6d70 points into unknown readable memory: 0x616c2f6176616a4c | 4c 6a 61 76 61 2f 6c 61
stack at sp + 7 slots: 0x0000015bc0afd0a0 points into unknown readable memory: 0x000000650000005c | 5c 00 00 00 65 00 00 00


---------------  P R O C E S S  ---------------

Threads class SMR info:
_java_thread_list=0x0000015bbc3917d0, length=23, elements={
0x0000015b96531ee0, 0x0000015bbc0a0f00, 0x0000015bbc0a1a50, 0x0000015bbc0a7970,
0x0000015bbc0a92c0, 0x0000015bbc0aa4d0, 0x0000015bbc0af960, 0x0000015bbc0b3cd0,
0x0000015bbc0b8e00, 0x0000015bbc183fa0, 0x0000015bbc1de3b0, 0x0000015bbc1f0f70,
0x0000015bbc4191e0, 0x0000015bc0c49a00, 0x0000015bc0c4ab30, 0x0000015bc146dbe0,
0x0000015bc1476910, 0x0000015bc1454940, 0x0000015bc15c0ae0, 0x0000015bc15bf050,
0x0000015bc15bf5a0, 0x0000015bc15beb00, 0x0000015bc15c1580
}

Java Threads: ( => current thread )
  0x0000015b96531ee0 JavaThread "main" [_thread_blocked, id=20088, stack(0x000000545b800000,0x000000545b900000)]
  0x0000015bbc0a0f00 JavaThread "Reference Handler" daemon [_thread_blocked, id=5840, stack(0x000000545bf00000,0x000000545c000000)]
  0x0000015bbc0a1a50 JavaThread "Finalizer" daemon [_thread_blocked, id=25432, stack(0x000000545c000000,0x000000545c100000)]
  0x0000015bbc0a7970 JavaThread "Signal Dispatcher" daemon [_thread_blocked, id=7104, stack(0x000000545c100000,0x000000545c200000)]
  0x0000015bbc0a92c0 JavaThread "Attach Listener" daemon [_thread_blocked, id=6412, stack(0x000000545c200000,0x000000545c300000)]
  0x0000015bbc0aa4d0 JavaThread "Service Thread" daemon [_thread_blocked, id=18308, stack(0x000000545c300000,0x000000545c400000)]
  0x0000015bbc0af960 JavaThread "Monitor Deflation Thread" daemon [_thread_blocked, id=14032, stack(0x000000545c400000,0x000000545c500000)]
  0x0000015bbc0b3cd0 JavaThread "C2 CompilerThread0" daemon [_thread_in_native, id=21988, stack(0x000000545c500000,0x000000545c600000)]
  0x0000015bbc0b8e00 JavaThread "C1 CompilerThread0" daemon [_thread_blocked, id=8780, stack(0x000000545c600000,0x000000545c700000)]
  0x0000015bbc183fa0 JavaThread "Common-Cleaner" daemon [_thread_blocked, id=9708, stack(0x000000545c700000,0x000000545c800000)]
  0x0000015bbc1de3b0 JavaThread "C1 CompilerThread1" daemon [_thread_blocked, id=20796, stack(0x000000545c800000,0x000000545c900000)]
  0x0000015bbc1f0f70 JavaThread "C1 CompilerThread2" daemon [_thread_blocked, id=14644, stack(0x000000545c900000,0x000000545ca00000)]
=>0x0000015bbc4191e0 JavaThread "*** Profiler Agent Communication Thread" daemon [_thread_in_native, id=25632, stack(0x000000545ca00000,0x000000545cb00000)]
  0x0000015bc0c49a00 JavaThread "*** JFluid Monitor thread ***" daemon [_thread_blocked, id=13408, stack(0x000000545cd00000,0x000000545ce00000)]
  0x0000015bc0c4ab30 JavaThread "*** Profiler Agent Special Execution Thread 6" daemon [_thread_blocked, id=16132, stack(0x000000545ce00000,0x000000545cf00000)]
  0x0000015bc146dbe0 JavaThread "C2 CompilerThread1" daemon [_thread_blocked, id=332, stack(0x000000545cb00000,0x000000545cc00000)]
  0x0000015bc1476910 JavaThread "C2 CompilerThread2" daemon [_thread_blocked, id=21992, stack(0x000000545cc00000,0x000000545cd00000)]
  0x0000015bc1454940 JavaThread "C1 CompilerThread3" daemon [_thread_blocked, id=12988, stack(0x000000545db00000,0x000000545dc00000)]
  0x0000015bc15c0ae0 JavaThread "Notification Thread" daemon [_thread_blocked, id=18288, stack(0x000000545de00000,0x000000545df00000)]
  0x0000015bc15bf050 JavaThread "*** Profiler Agent Special Execution Thread 3" daemon [_thread_blocked, id=14516, stack(0x000000545dd00000,0x000000545de00000)]
  0x0000015bc15bf5a0 JavaThread "Java2D Disposer" daemon [_thread_blocked, id=16592, stack(0x000000545cf00000,0x000000545d000000)]
  0x0000015bc15beb00 JavaThread "AWT-Shutdown" [_thread_blocked, id=27376, stack(0x000000545e000000,0x000000545e100000)]
  0x0000015bc15c1580 JavaThread "AWT-Windows" daemon [_thread_in_native, id=3628, stack(0x000000545e100000,0x000000545e200000)]

Other Threads:
  0x0000015bb929d2d0 VMThread "VM Thread" [stack: 0x000000545be00000,0x000000545bf00000] [id=15144]
  0x0000015bc1700060 WatcherThread "VM Periodic Task Thread" [stack: 0x000000545df00000,0x000000545e000000] [id=27024]
  0x0000015b965e3aa0 WorkerThread "GC Thread#0" [stack: 0x000000545b900000,0x000000545ba00000] [id=15484]
  0x0000015bc0c30500 WorkerThread "GC Thread#1" [stack: 0x000000545d000000,0x000000545d100000] [id=9740]
  0x0000015bc0c31310 WorkerThread "GC Thread#2" [stack: 0x000000545d100000,0x000000545d200000] [id=13680]
  0x0000015bc0c315e0 WorkerThread "GC Thread#3" [stack: 0x000000545d200000,0x000000545d300000] [id=25168]
  0x0000015bc0c2f9c0 WorkerThread "GC Thread#4" [stack: 0x000000545d300000,0x000000545d400000] [id=9864]
  0x0000015bc0c2fc90 WorkerThread "GC Thread#5" [stack: 0x000000545d400000,0x000000545d500000] [id=8088]
  0x0000015bc0c30230 WorkerThread "GC Thread#6" [stack: 0x000000545d500000,0x000000545d600000] [id=25864]
  0x0000015bc12f5c70 WorkerThread "GC Thread#7" [stack: 0x000000545d600000,0x000000545d700000] [id=7088]
  0x0000015bc12f5f40 WorkerThread "GC Thread#8" [stack: 0x000000545d700000,0x000000545d800000] [id=17144]
  0x0000015bc12f5400 WorkerThread "GC Thread#9" [stack: 0x000000545d800000,0x000000545d900000] [id=24824]
  0x0000015bc12f5130 WorkerThread "GC Thread#10" [stack: 0x000000545d900000,0x000000545da00000] [id=6556]
  0x0000015bc12f75c0 WorkerThread "GC Thread#11" [stack: 0x000000545da00000,0x000000545db00000] [id=19764]
  0x0000015bb90a8060 ConcurrentGCThread "G1 Main Marker" [stack: 0x000000545ba00000,0x000000545bb00000] [id=20300]
  0x0000015bb90a8a90 WorkerThread "G1 Conc#0" [stack: 0x000000545bb00000,0x000000545bc00000] [id=14536]
  0x0000015bb9151f10 ConcurrentGCThread "G1 Refine#0" [stack: 0x000000545bc00000,0x000000545bd00000] [id=25400]
  0x0000015bb9154760 ConcurrentGCThread "G1 Service" [stack: 0x000000545bd00000,0x000000545be00000] [id=8952]

Threads with active compile tasks:
C2 CompilerThread0     1771 1769       4       java.io.ObjectOutputStream$BlockDataOutputStream::write (152 bytes)

VM state: not at safepoint (normal execution)

VM Mutex/Monitor currently owned by a thread: None

Heap address: 0x0000000601000000, size: 8176 MB, Compressed Oops mode: Zero based, Oop shift amount: 3

CDS archive(s) mapped at: [0x0000000800000000-0x0000000800c60000-0x0000000800c60000), size 12976128, SharedBaseAddress: 0x0000000800000000, ArchiveRelocationMode: 0.
Compressed class space mapped at: 0x0000000801000000-0x0000000841000000, reserved size: 1073741824
Narrow klass base: 0x0000000800000000, Narrow klass shift: 0, Narrow klass range: 0x100000000

GC Precious Log:
 CardTable entry size: 512
 Card Set container configuration: InlinePtr #cards 4 size 8 Array Of Cards #cards 32 size 80 Howl #buckets 8 coarsen threshold 7372 Howl Bitmap #cards 1024 size 144 coarsen threshold 921 Card regions per heap region 1 cards per card region 8192
 CPUs: 16 total, 16 available
 Memory: 32690M
 Large Page Support: Disabled
 NUMA Support: Disabled
 Compressed Oops: Enabled (Zero based)
 Heap Region Size: 4M
 Heap Min Capacity: 8M
 Heap Initial Capacity: 512M
 Heap Max Capacity: 8176M
 Pre-touch: Disabled
 Parallel Workers: 13
 Concurrent Workers: 3
 Concurrent Refinement Workers: 13
 Periodic GC: Disabled

Heap:
 garbage-first heap   total 524288K, used 54617K [0x0000000601000000, 0x0000000800000000)
  region size 4096K, 14 young (57344K), 1 survivors (4096K)
 Metaspace       used 10831K, committed 11136K, reserved 1114112K
  class space    used 1118K, committed 1280K, reserved 1048576K

Heap Regions: E=young(eden), S=young(survivor), O=old, HS=humongous(starts), HC=humongous(continues), CS=collection set, F=free, OA=open archive, CA=closed archive, TAMS=top-at-mark-start, PB=parsable bottom
|   0|0x0000000601000000, 0x0000000601400000, 0x0000000601400000|100%| O|  |TAMS 0x0000000601000000| PB 0x0000000601000000| Untracked 
|   1|0x0000000601400000, 0x0000000601604200, 0x0000000601800000| 50%| O|  |TAMS 0x0000000601400000| PB 0x0000000601400000| Untracked 
|   2|0x0000000601800000, 0x0000000601800000, 0x0000000601c00000|  0%| F|  |TAMS 0x0000000601800000| PB 0x0000000601800000| Untracked 
|   3|0x0000000601c00000, 0x0000000601c00000, 0x0000000602000000|  0%| F|  |TAMS 0x0000000601c00000| PB 0x0000000601c00000| Untracked 
|   4|0x0000000602000000, 0x0000000602000000, 0x0000000602400000|  0%| F|  |TAMS 0x0000000602000000| PB 0x0000000602000000| Untracked 
|   5|0x0000000602400000, 0x0000000602400000, 0x0000000602800000|  0%| F|  |TAMS 0x0000000602400000| PB 0x0000000602400000| Untracked 
|   6|0x0000000602800000, 0x0000000602800000, 0x0000000602c00000|  0%| F|  |TAMS 0x0000000602800000| PB 0x0000000602800000| Untracked 
|   7|0x0000000602c00000, 0x0000000602c00000, 0x0000000603000000|  0%| F|  |TAMS 0x0000000602c00000| PB 0x0000000602c00000| Untracked 
|   8|0x0000000603000000, 0x0000000603000000, 0x0000000603400000|  0%| F|  |TAMS 0x0000000603000000| PB 0x0000000603000000| Untracked 
|   9|0x0000000603400000, 0x0000000603400000, 0x0000000603800000|  0%| F|  |TAMS 0x0000000603400000| PB 0x0000000603400000| Untracked 
|  10|0x0000000603800000, 0x0000000603800000, 0x0000000603c00000|  0%| F|  |TAMS 0x0000000603800000| PB 0x0000000603800000| Untracked 
|  11|0x0000000603c00000, 0x0000000603c00000, 0x0000000604000000|  0%| F|  |TAMS 0x0000000603c00000| PB 0x0000000603c00000| Untracked 
|  12|0x0000000604000000, 0x0000000604000000, 0x0000000604400000|  0%| F|  |TAMS 0x0000000604000000| PB 0x0000000604000000| Untracked 
|  13|0x0000000604400000, 0x0000000604400000, 0x0000000604800000|  0%| F|  |TAMS 0x0000000604400000| PB 0x0000000604400000| Untracked 
|  14|0x0000000604800000, 0x0000000604800000, 0x0000000604c00000|  0%| F|  |TAMS 0x0000000604800000| PB 0x0000000604800000| Untracked 
|  15|0x0000000604c00000, 0x0000000604c00000, 0x0000000605000000|  0%| F|  |TAMS 0x0000000604c00000| PB 0x0000000604c00000| Untracked 
|  16|0x0000000605000000, 0x0000000605000000, 0x0000000605400000|  0%| F|  |TAMS 0x0000000605000000| PB 0x0000000605000000| Untracked 
|  17|0x0000000605400000, 0x0000000605400000, 0x0000000605800000|  0%| F|  |TAMS 0x0000000605400000| PB 0x0000000605400000| Untracked 
|  18|0x0000000605800000, 0x0000000605800000, 0x0000000605c00000|  0%| F|  |TAMS 0x0000000605800000| PB 0x0000000605800000| Untracked 
|  19|0x0000000605c00000, 0x0000000605c00000, 0x0000000606000000|  0%| F|  |TAMS 0x0000000605c00000| PB 0x0000000605c00000| Untracked 
|  20|0x0000000606000000, 0x0000000606000000, 0x0000000606400000|  0%| F|  |TAMS 0x0000000606000000| PB 0x0000000606000000| Untracked 
|  21|0x0000000606400000, 0x0000000606400000, 0x0000000606800000|  0%| F|  |TAMS 0x0000000606400000| PB 0x0000000606400000| Untracked 
|  22|0x0000000606800000, 0x0000000606800000, 0x0000000606c00000|  0%| F|  |TAMS 0x0000000606800000| PB 0x0000000606800000| Untracked 
|  23|0x0000000606c00000, 0x0000000606c00000, 0x0000000607000000|  0%| F|  |TAMS 0x0000000606c00000| PB 0x0000000606c00000| Untracked 
|  24|0x0000000607000000, 0x0000000607000000, 0x0000000607400000|  0%| F|  |TAMS 0x0000000607000000| PB 0x0000000607000000| Untracked 
|  25|0x0000000607400000, 0x0000000607400000, 0x0000000607800000|  0%| F|  |TAMS 0x0000000607400000| PB 0x0000000607400000| Untracked 
|  26|0x0000000607800000, 0x0000000607800000, 0x0000000607c00000|  0%| F|  |TAMS 0x0000000607800000| PB 0x0000000607800000| Untracked 
|  27|0x0000000607c00000, 0x0000000607c00000, 0x0000000608000000|  0%| F|  |TAMS 0x0000000607c00000| PB 0x0000000607c00000| Untracked 
|  28|0x0000000608000000, 0x0000000608000000, 0x0000000608400000|  0%| F|  |TAMS 0x0000000608000000| PB 0x0000000608000000| Untracked 
|  29|0x0000000608400000, 0x0000000608400000, 0x0000000608800000|  0%| F|  |TAMS 0x0000000608400000| PB 0x0000000608400000| Untracked 
|  30|0x0000000608800000, 0x0000000608800000, 0x0000000608c00000|  0%| F|  |TAMS 0x0000000608800000| PB 0x0000000608800000| Untracked 
|  31|0x0000000608c00000, 0x0000000608c00000, 0x0000000609000000|  0%| F|  |TAMS 0x0000000608c00000| PB 0x0000000608c00000| Untracked 
|  32|0x0000000609000000, 0x0000000609000000, 0x0000000609400000|  0%| F|  |TAMS 0x0000000609000000| PB 0x0000000609000000| Untracked 
|  33|0x0000000609400000, 0x0000000609400000, 0x0000000609800000|  0%| F|  |TAMS 0x0000000609400000| PB 0x0000000609400000| Untracked 
|  34|0x0000000609800000, 0x0000000609800000, 0x0000000609c00000|  0%| F|  |TAMS 0x0000000609800000| PB 0x0000000609800000| Untracked 
|  35|0x0000000609c00000, 0x0000000609c00000, 0x000000060a000000|  0%| F|  |TAMS 0x0000000609c00000| PB 0x0000000609c00000| Untracked 
|  36|0x000000060a000000, 0x000000060a000000, 0x000000060a400000|  0%| F|  |TAMS 0x000000060a000000| PB 0x000000060a000000| Untracked 
|  37|0x000000060a400000, 0x000000060a400000, 0x000000060a800000|  0%| F|  |TAMS 0x000000060a400000| PB 0x000000060a400000| Untracked 
|  38|0x000000060a800000, 0x000000060a800000, 0x000000060ac00000|  0%| F|  |TAMS 0x000000060a800000| PB 0x000000060a800000| Untracked 
|  39|0x000000060ac00000, 0x000000060ac00000, 0x000000060b000000|  0%| F|  |TAMS 0x000000060ac00000| PB 0x000000060ac00000| Untracked 
|  40|0x000000060b000000, 0x000000060b000000, 0x000000060b400000|  0%| F|  |TAMS 0x000000060b000000| PB 0x000000060b000000| Untracked 
|  41|0x000000060b400000, 0x000000060b400000, 0x000000060b800000|  0%| F|  |TAMS 0x000000060b400000| PB 0x000000060b400000| Untracked 
|  42|0x000000060b800000, 0x000000060b800000, 0x000000060bc00000|  0%| F|  |TAMS 0x000000060b800000| PB 0x000000060b800000| Untracked 
|  43|0x000000060bc00000, 0x000000060bc00000, 0x000000060c000000|  0%| F|  |TAMS 0x000000060bc00000| PB 0x000000060bc00000| Untracked 
|  44|0x000000060c000000, 0x000000060c000000, 0x000000060c400000|  0%| F|  |TAMS 0x000000060c000000| PB 0x000000060c000000| Untracked 
|  45|0x000000060c400000, 0x000000060c400000, 0x000000060c800000|  0%| F|  |TAMS 0x000000060c400000| PB 0x000000060c400000| Untracked 
|  46|0x000000060c800000, 0x000000060c800000, 0x000000060cc00000|  0%| F|  |TAMS 0x000000060c800000| PB 0x000000060c800000| Untracked 
|  47|0x000000060cc00000, 0x000000060cc00000, 0x000000060d000000|  0%| F|  |TAMS 0x000000060cc00000| PB 0x000000060cc00000| Untracked 
|  48|0x000000060d000000, 0x000000060d000000, 0x000000060d400000|  0%| F|  |TAMS 0x000000060d000000| PB 0x000000060d000000| Untracked 
|  49|0x000000060d400000, 0x000000060d400000, 0x000000060d800000|  0%| F|  |TAMS 0x000000060d400000| PB 0x000000060d400000| Untracked 
|  50|0x000000060d800000, 0x000000060d800000, 0x000000060dc00000|  0%| F|  |TAMS 0x000000060d800000| PB 0x000000060d800000| Untracked 
|  51|0x000000060dc00000, 0x000000060dc00000, 0x000000060e000000|  0%| F|  |TAMS 0x000000060dc00000| PB 0x000000060dc00000| Untracked 
|  52|0x000000060e000000, 0x000000060e000000, 0x000000060e400000|  0%| F|  |TAMS 0x000000060e000000| PB 0x000000060e000000| Untracked 
|  53|0x000000060e400000, 0x000000060e400000, 0x000000060e800000|  0%| F|  |TAMS 0x000000060e400000| PB 0x000000060e400000| Untracked 
|  54|0x000000060e800000, 0x000000060e800000, 0x000000060ec00000|  0%| F|  |TAMS 0x000000060e800000| PB 0x000000060e800000| Untracked 
|  55|0x000000060ec00000, 0x000000060ec00000, 0x000000060f000000|  0%| F|  |TAMS 0x000000060ec00000| PB 0x000000060ec00000| Untracked 
|  56|0x000000060f000000, 0x000000060f000000, 0x000000060f400000|  0%| F|  |TAMS 0x000000060f000000| PB 0x000000060f000000| Untracked 
|  57|0x000000060f400000, 0x000000060f400000, 0x000000060f800000|  0%| F|  |TAMS 0x000000060f400000| PB 0x000000060f400000| Untracked 
|  58|0x000000060f800000, 0x000000060f800000, 0x000000060fc00000|  0%| F|  |TAMS 0x000000060f800000| PB 0x000000060f800000| Untracked 
|  59|0x000000060fc00000, 0x000000060fc00000, 0x0000000610000000|  0%| F|  |TAMS 0x000000060fc00000| PB 0x000000060fc00000| Untracked 
|  60|0x0000000610000000, 0x0000000610000000, 0x0000000610400000|  0%| F|  |TAMS 0x0000000610000000| PB 0x0000000610000000| Untracked 
|  61|0x0000000610400000, 0x0000000610400000, 0x0000000610800000|  0%| F|  |TAMS 0x0000000610400000| PB 0x0000000610400000| Untracked 
|  62|0x0000000610800000, 0x0000000610800000, 0x0000000610c00000|  0%| F|  |TAMS 0x0000000610800000| PB 0x0000000610800000| Untracked 
|  63|0x0000000610c00000, 0x0000000610c00000, 0x0000000611000000|  0%| F|  |TAMS 0x0000000610c00000| PB 0x0000000610c00000| Untracked 
|  64|0x0000000611000000, 0x0000000611000000, 0x0000000611400000|  0%| F|  |TAMS 0x0000000611000000| PB 0x0000000611000000| Untracked 
|  65|0x0000000611400000, 0x0000000611400000, 0x0000000611800000|  0%| F|  |TAMS 0x0000000611400000| PB 0x0000000611400000| Untracked 
|  66|0x0000000611800000, 0x0000000611800000, 0x0000000611c00000|  0%| F|  |TAMS 0x0000000611800000| PB 0x0000000611800000| Untracked 
|  67|0x0000000611c00000, 0x0000000611c00000, 0x0000000612000000|  0%| F|  |TAMS 0x0000000611c00000| PB 0x0000000611c00000| Untracked 
|  68|0x0000000612000000, 0x0000000612000000, 0x0000000612400000|  0%| F|  |TAMS 0x0000000612000000| PB 0x0000000612000000| Untracked 
|  69|0x0000000612400000, 0x0000000612400000, 0x0000000612800000|  0%| F|  |TAMS 0x0000000612400000| PB 0x0000000612400000| Untracked 
|  70|0x0000000612800000, 0x0000000612800000, 0x0000000612c00000|  0%| F|  |TAMS 0x0000000612800000| PB 0x0000000612800000| Untracked 
|  71|0x0000000612c00000, 0x0000000612c00000, 0x0000000613000000|  0%| F|  |TAMS 0x0000000612c00000| PB 0x0000000612c00000| Untracked 
|  72|0x0000000613000000, 0x0000000613000000, 0x0000000613400000|  0%| F|  |TAMS 0x0000000613000000| PB 0x0000000613000000| Untracked 
|  73|0x0000000613400000, 0x0000000613400000, 0x0000000613800000|  0%| F|  |TAMS 0x0000000613400000| PB 0x0000000613400000| Untracked 
|  74|0x0000000613800000, 0x0000000613800000, 0x0000000613c00000|  0%| F|  |TAMS 0x0000000613800000| PB 0x0000000613800000| Untracked 
|  75|0x0000000613c00000, 0x0000000613c00000, 0x0000000614000000|  0%| F|  |TAMS 0x0000000613c00000| PB 0x0000000613c00000| Untracked 
|  76|0x0000000614000000, 0x0000000614000000, 0x0000000614400000|  0%| F|  |TAMS 0x0000000614000000| PB 0x0000000614000000| Untracked 
|  77|0x0000000614400000, 0x0000000614400000, 0x0000000614800000|  0%| F|  |TAMS 0x0000000614400000| PB 0x0000000614400000| Untracked 
|  78|0x0000000614800000, 0x0000000614800000, 0x0000000614c00000|  0%| F|  |TAMS 0x0000000614800000| PB 0x0000000614800000| Untracked 
|  79|0x0000000614c00000, 0x0000000614c00000, 0x0000000615000000|  0%| F|  |TAMS 0x0000000614c00000| PB 0x0000000614c00000| Untracked 
|  80|0x0000000615000000, 0x0000000615000000, 0x0000000615400000|  0%| F|  |TAMS 0x0000000615000000| PB 0x0000000615000000| Untracked 
|  81|0x0000000615400000, 0x0000000615400000, 0x0000000615800000|  0%| F|  |TAMS 0x0000000615400000| PB 0x0000000615400000| Untracked 
|  82|0x0000000615800000, 0x0000000615800000, 0x0000000615c00000|  0%| F|  |TAMS 0x0000000615800000| PB 0x0000000615800000| Untracked 
|  83|0x0000000615c00000, 0x0000000615c00000, 0x0000000616000000|  0%| F|  |TAMS 0x0000000615c00000| PB 0x0000000615c00000| Untracked 
|  84|0x0000000616000000, 0x0000000616000000, 0x0000000616400000|  0%| F|  |TAMS 0x0000000616000000| PB 0x0000000616000000| Untracked 
|  85|0x0000000616400000, 0x0000000616400000, 0x0000000616800000|  0%| F|  |TAMS 0x0000000616400000| PB 0x0000000616400000| Untracked 
|  86|0x0000000616800000, 0x0000000616800000, 0x0000000616c00000|  0%| F|  |TAMS 0x0000000616800000| PB 0x0000000616800000| Untracked 
|  87|0x0000000616c00000, 0x0000000616c00000, 0x0000000617000000|  0%| F|  |TAMS 0x0000000616c00000| PB 0x0000000616c00000| Untracked 
|  88|0x0000000617000000, 0x0000000617000000, 0x0000000617400000|  0%| F|  |TAMS 0x0000000617000000| PB 0x0000000617000000| Untracked 
|  89|0x0000000617400000, 0x0000000617400000, 0x0000000617800000|  0%| F|  |TAMS 0x0000000617400000| PB 0x0000000617400000| Untracked 
|  90|0x0000000617800000, 0x0000000617800000, 0x0000000617c00000|  0%| F|  |TAMS 0x0000000617800000| PB 0x0000000617800000| Untracked 
|  91|0x0000000617c00000, 0x0000000617c00000, 0x0000000618000000|  0%| F|  |TAMS 0x0000000617c00000| PB 0x0000000617c00000| Untracked 
|  92|0x0000000618000000, 0x0000000618000000, 0x0000000618400000|  0%| F|  |TAMS 0x0000000618000000| PB 0x0000000618000000| Untracked 
|  93|0x0000000618400000, 0x0000000618400000, 0x0000000618800000|  0%| F|  |TAMS 0x0000000618400000| PB 0x0000000618400000| Untracked 
|  94|0x0000000618800000, 0x0000000618800000, 0x0000000618c00000|  0%| F|  |TAMS 0x0000000618800000| PB 0x0000000618800000| Untracked 
|  95|0x0000000618c00000, 0x0000000618c00000, 0x0000000619000000|  0%| F|  |TAMS 0x0000000618c00000| PB 0x0000000618c00000| Untracked 
|  96|0x0000000619000000, 0x0000000619000000, 0x0000000619400000|  0%| F|  |TAMS 0x0000000619000000| PB 0x0000000619000000| Untracked 
|  97|0x0000000619400000, 0x0000000619400000, 0x0000000619800000|  0%| F|  |TAMS 0x0000000619400000| PB 0x0000000619400000| Untracked 
|  98|0x0000000619800000, 0x0000000619800000, 0x0000000619c00000|  0%| F|  |TAMS 0x0000000619800000| PB 0x0000000619800000| Untracked 
|  99|0x0000000619c00000, 0x0000000619c00000, 0x000000061a000000|  0%| F|  |TAMS 0x0000000619c00000| PB 0x0000000619c00000| Untracked 
| 100|0x000000061a000000, 0x000000061a000000, 0x000000061a400000|  0%| F|  |TAMS 0x000000061a000000| PB 0x000000061a000000| Untracked 
| 101|0x000000061a400000, 0x000000061a400000, 0x000000061a800000|  0%| F|  |TAMS 0x000000061a400000| PB 0x000000061a400000| Untracked 
| 102|0x000000061a800000, 0x000000061a800000, 0x000000061ac00000|  0%| F|  |TAMS 0x000000061a800000| PB 0x000000061a800000| Untracked 
| 103|0x000000061ac00000, 0x000000061ac00000, 0x000000061b000000|  0%| F|  |TAMS 0x000000061ac00000| PB 0x000000061ac00000| Untracked 
| 104|0x000000061b000000, 0x000000061b000000, 0x000000061b400000|  0%| F|  |TAMS 0x000000061b000000| PB 0x000000061b000000| Untracked 
| 105|0x000000061b400000, 0x000000061b400000, 0x000000061b800000|  0%| F|  |TAMS 0x000000061b400000| PB 0x000000061b400000| Untracked 
| 106|0x000000061b800000, 0x000000061b800000, 0x000000061bc00000|  0%| F|  |TAMS 0x000000061b800000| PB 0x000000061b800000| Untracked 
| 107|0x000000061bc00000, 0x000000061bc00000, 0x000000061c000000|  0%| F|  |TAMS 0x000000061bc00000| PB 0x000000061bc00000| Untracked 
| 108|0x000000061c000000, 0x000000061c000000, 0x000000061c400000|  0%| F|  |TAMS 0x000000061c000000| PB 0x000000061c000000| Untracked 
| 109|0x000000061c400000, 0x000000061c400000, 0x000000061c800000|  0%| F|  |TAMS 0x000000061c400000| PB 0x000000061c400000| Untracked 
| 110|0x000000061c800000, 0x000000061c800000, 0x000000061cc00000|  0%| F|  |TAMS 0x000000061c800000| PB 0x000000061c800000| Untracked 
| 111|0x000000061cc00000, 0x000000061cc00000, 0x000000061d000000|  0%| F|  |TAMS 0x000000061cc00000| PB 0x000000061cc00000| Untracked 
| 112|0x000000061d000000, 0x000000061d000000, 0x000000061d400000|  0%| F|  |TAMS 0x000000061d000000| PB 0x000000061d000000| Untracked 
| 113|0x000000061d400000, 0x000000061d400000, 0x000000061d800000|  0%| F|  |TAMS 0x000000061d400000| PB 0x000000061d400000| Untracked 
| 114|0x000000061d800000, 0x000000061db7b8f8, 0x000000061dc00000| 87%| E|  |TAMS 0x000000061d800000| PB 0x000000061d800000| Complete 
| 115|0x000000061dc00000, 0x000000061e000000, 0x000000061e000000|100%| E|CS|TAMS 0x000000061dc00000| PB 0x000000061dc00000| Complete 
| 116|0x000000061e000000, 0x000000061e400000, 0x000000061e400000|100%| E|  |TAMS 0x000000061e000000| PB 0x000000061e000000| Complete 
| 117|0x000000061e400000, 0x000000061e800000, 0x000000061e800000|100%| E|CS|TAMS 0x000000061e400000| PB 0x000000061e400000| Complete 
| 118|0x000000061e800000, 0x000000061ec00000, 0x000000061ec00000|100%| E|CS|TAMS 0x000000061e800000| PB 0x000000061e800000| Complete 
| 119|0x000000061ec00000, 0x000000061f000000, 0x000000061f000000|100%| E|CS|TAMS 0x000000061ec00000| PB 0x000000061ec00000| Complete 
| 120|0x000000061f000000, 0x000000061f3524d8, 0x000000061f400000| 83%| S|CS|TAMS 0x000000061f000000| PB 0x000000061f000000| Complete 
| 121|0x000000061f400000, 0x000000061f800000, 0x000000061f800000|100%| E|CS|TAMS 0x000000061f400000| PB 0x000000061f400000| Complete 
| 122|0x000000061f800000, 0x000000061fc00000, 0x000000061fc00000|100%| E|CS|TAMS 0x000000061f800000| PB 0x000000061f800000| Complete 
| 123|0x000000061fc00000, 0x0000000620000000, 0x0000000620000000|100%| E|CS|TAMS 0x000000061fc00000| PB 0x000000061fc00000| Complete 
| 124|0x0000000620000000, 0x0000000620400000, 0x0000000620400000|100%| E|CS|TAMS 0x0000000620000000| PB 0x0000000620000000| Complete 
| 125|0x0000000620400000, 0x0000000620800000, 0x0000000620800000|100%| E|CS|TAMS 0x0000000620400000| PB 0x0000000620400000| Complete 
| 126|0x0000000620800000, 0x0000000620c00000, 0x0000000620c00000|100%| E|CS|TAMS 0x0000000620800000| PB 0x0000000620800000| Complete 
| 127|0x0000000620c00000, 0x0000000621000000, 0x0000000621000000|100%| E|CS|TAMS 0x0000000620c00000| PB 0x0000000620c00000| Complete 

Card table byte_map: [0x0000015baf0e0000,0x0000015bb00e0000] _byte_map_base: 0x0000015bac0d8000

Marking Bits: (CMBitMap*) 0x0000015b965e40d0
 Bits: [0x0000015bb10e0000, 0x0000015bb90a0000)

Polling page: 0x0000015b944f0000

Metaspace:

Usage:
  Non-class:      9.49 MB used.
      Class:      1.09 MB used.
       Both:     10.58 MB used.

Virtual space:
  Non-class space:       64.00 MB reserved,       9.62 MB ( 15%) committed,  1 nodes.
      Class space:        1.00 GB reserved,       1.25 MB ( <1%) committed,  1 nodes.
             Both:        1.06 GB reserved,      10.88 MB ( <1%) committed. 

Chunk freelists:
   Non-Class:  2.21 MB
       Class:  2.74 MB
        Both:  4.95 MB

MaxMetaspaceSize: unlimited
CompressedClassSpaceSize: 1.00 GB
Initial GC threshold: 21.00 MB
Current GC threshold: 21.00 MB
CDS: on
MetaspaceReclaimPolicy: balanced
 - commit_granule_bytes: 65536.
 - commit_granule_words: 8192.
 - virtual_space_node_default_size: 8388608.
 - enlarge_chunks_in_place: 1.
 - new_chunks_are_fully_committed: 0.
 - uncommit_free_chunks: 1.
 - use_allocation_guard: 0.


Internal statistics:

num_allocs_failed_limit: 0.
num_arena_births: 204.
num_arena_deaths: 0.
num_vsnodes_births: 2.
num_vsnodes_deaths: 0.
num_space_committed: 174.
num_space_uncommitted: 0.
num_chunks_returned_to_freelist: 0.
num_chunks_taken_from_freelist: 285.
num_chunk_merges: 0.
num_chunk_splits: 155.
num_chunks_enlarged: 44.
num_inconsistent_stats: 0.

CodeHeap 'non-profiled nmethods': size=119168Kb used=662Kb max_used=662Kb free=118505Kb
 bounds [0x0000015ba6400000, 0x0000015ba6670000, 0x0000015bad860000]
CodeHeap 'profiled nmethods': size=119104Kb used=3212Kb max_used=3212Kb free=115891Kb
 bounds [0x0000015b9e860000, 0x0000015b9eb90000, 0x0000015ba5cb0000]
CodeHeap 'non-nmethods': size=7488Kb used=3262Kb max_used=3273Kb free=4225Kb
 bounds [0x0000015ba5cb0000, 0x0000015ba5ff0000, 0x0000015ba6400000]
 total_blobs=2400 nmethods=1812 adapters=496
 compilation: enabled
              stopped_count=0, restarted_count=0
 full_count=0

Compilation events (20 events):
Event: 1.668 Thread 0x0000015bbc1de3b0 1804       3       java.lang.invoke.DirectMethodHandle$Holder::invokeStatic (14 bytes)
Event: 1.668 Thread 0x0000015bbc0b8e00 1805       3       java.lang.invoke.DirectMethodHandle$Holder::invokeStatic (17 bytes)
Event: 1.668 Thread 0x0000015bc1454940 nmethod 1802 0x0000015b9eb7e590 code [0x0000015b9eb7e720, 0x0000015b9eb7e830]
Event: 1.668 Thread 0x0000015bc1454940 1806       3       java.lang.invoke.LambdaForm$MH/0x0000000801003400::invoke (32 bytes)
Event: 1.668 Thread 0x0000015bbc1de3b0 nmethod 1804 0x0000015b9eb7e890 code [0x0000015b9eb7ea40, 0x0000015b9eb7ef20]
Event: 1.668 Thread 0x0000015bbc0b8e00 nmethod 1805 0x0000015b9eb7f010 code [0x0000015b9eb7f1c0, 0x0000015b9eb7f640]
Event: 1.668 Thread 0x0000015bc1454940 nmethod 1806 0x0000015b9eb7f790 code [0x0000015b9eb7f940, 0x0000015b9eb7fde8]
Event: 1.669 Thread 0x0000015bbc1f0f70 nmethod 1803 0x0000015b9eb7ff10 code [0x0000015b9eb801e0, 0x0000015b9eb81428]
Event: 1.669 Thread 0x0000015bc146dbe0 1807       4       java.lang.StringLatin1::toLowerCase (186 bytes)
Event: 1.669 Thread 0x0000015bbc1de3b0 1808  s    1       sun.font.SunFontManager::getDefaultFontFile (5 bytes)
Event: 1.669 Thread 0x0000015bc1454940 1809  s    1       sun.font.SunFontManager::getDefaultFontFaceName (5 bytes)
Event: 1.669 Thread 0x0000015bbc1de3b0 nmethod 1808 0x0000015ba64a3c90 code [0x0000015ba64a3e20, 0x0000015ba64a3fa8]
Event: 1.669 Thread 0x0000015bc1454940 nmethod 1809 0x0000015ba64a4010 code [0x0000015ba64a41a0, 0x0000015ba64a4328]
Event: 1.676 Thread 0x0000015bc146dbe0 nmethod 1807 0x0000015ba64a4390 code [0x0000015ba64a4540, 0x0000015ba64a4c78]
Event: 1.691 Thread 0x0000015bbc1de3b0 1811       3       java.util.ArrayList::get (15 bytes)
Event: 1.692 Thread 0x0000015bbc1de3b0 nmethod 1811 0x0000015b9eb81990 code [0x0000015b9eb81b40, 0x0000015b9eb81e10]
Event: 1.694 Thread 0x0000015bbc1de3b0 1812       1       java.lang.Class::getClassLoader0 (5 bytes)
Event: 1.694 Thread 0x0000015bbc1de3b0 nmethod 1812 0x0000015ba64a5790 code [0x0000015ba64a5900, 0x0000015ba64a59d0]
Event: 1.698 Thread 0x0000015bbc1f0f70 1813       3       sun.nio.ch.Util::getTemporaryDirectBuffer (55 bytes)
Event: 1.698 Thread 0x0000015bbc1f0f70 nmethod 1813 0x0000015b9eb81f90 code [0x0000015b9eb82200, 0x0000015b9eb82d40]

GC Heap History (4 events):
Event: 0.719 GC heap before
{Heap before GC invocations=0 (full 0):
 garbage-first heap   total 524288K, used 24576K [0x0000000601000000, 0x0000000800000000)
  region size 4096K, 6 young (24576K), 0 survivors (0K)
 Metaspace       used 5890K, committed 6144K, reserved 1114112K
  class space    used 580K, committed 704K, reserved 1048576K
}
Event: 0.722 GC heap after
{Heap after GC invocations=1 (full 0):
 garbage-first heap   total 524288K, used 5514K [0x0000000601000000, 0x0000000800000000)
  region size 4096K, 1 young (4096K), 1 survivors (4096K)
 Metaspace       used 5890K, committed 6144K, reserved 1114112K
  class space    used 580K, committed 704K, reserved 1048576K
}
Event: 0.740 GC heap before
{Heap before GC invocations=1 (full 0):
 garbage-first heap   total 524288K, used 25994K [0x0000000601000000, 0x0000000800000000)
  region size 4096K, 7 young (28672K), 1 survivors (4096K)
 Metaspace       used 5985K, committed 6272K, reserved 1114112K
  class space    used 580K, committed 704K, reserved 1048576K
}
Event: 0.741 GC heap after
{Heap after GC invocations=2 (full 0):
 garbage-first heap   total 524288K, used 9561K [0x0000000601000000, 0x0000000800000000)
  region size 4096K, 1 young (4096K), 1 survivors (4096K)
 Metaspace       used 5985K, committed 6272K, reserved 1114112K
  class space    used 580K, committed 704K, reserved 1048576K
}

Dll operation events (13 events):
Event: 0.008 Loaded shared library C:\Program Files\Eclipse Adoptium\jdk-20.0.1.9-hotspot\bin\java.dll
Event: 0.009 Loaded shared library C:\Program Files\Eclipse Adoptium\jdk-20.0.1.9-hotspot\bin\zip.dll
Event: 0.017 Loaded shared library C:\Program Files\Eclipse Adoptium\jdk-20.0.1.9-hotspot\bin\jsvml.dll
Event: 0.058 Loaded shared library C:\Program Files\Eclipse Adoptium\jdk-20.0.1.9-hotspot\bin\net.dll
Event: 0.060 Loaded shared library C:\Program Files\Eclipse Adoptium\jdk-20.0.1.9-hotspot\bin\nio.dll
Event: 0.076 Loaded shared library C:\Program Files\Eclipse Adoptium\jdk-20.0.1.9-hotspot\bin\jimage.dll
Event: 0.096 Loaded shared library C:\Program Files\Eclipse Adoptium\jdk-20.0.1.9-hotspot\bin\extnet.dll
Event: 0.103 Loaded shared library C:\Program Files\Eclipse Adoptium\jdk-20.0.1.9-hotspot\bin\zip.dll
Event: 0.304 Loaded shared library C:\Program Files\Eclipse Adoptium\jdk-20.0.1.9-hotspot\bin\management.dll
Event: 0.306 Loaded shared library C:\Program Files\Eclipse Adoptium\jdk-20.0.1.9-hotspot\bin\management_ext.dll
Event: 1.246 Loaded shared library C:\Program Files\Eclipse Adoptium\jdk-20.0.1.9-hotspot\bin\awt.dll
Event: 1.641 Loaded shared library C:\Program Files\Eclipse Adoptium\jdk-20.0.1.9-hotspot\bin\freetype.dll
Event: 1.642 Loaded shared library C:\Program Files\Eclipse Adoptium\jdk-20.0.1.9-hotspot\bin\fontmanager.dll

Deoptimization events (20 events):
Event: 1.621 Thread 0x0000015b96531ee0 Uncommon trap: trap_request=0xffffff45 fr.pc=0x0000015ba6480138 relative=0x0000000000000478
Event: 1.621 Thread 0x0000015b96531ee0 Uncommon trap: reason=unstable_if action=reinterpret pc=0x0000015ba6480138 method=java.util.HashMap.hash(Ljava/lang/Object;)I @ 1 c2
Event: 1.621 Thread 0x0000015b96531ee0 DEOPT PACKING pc=0x0000015ba6480138 sp=0x000000545b8ff110
Event: 1.621 Thread 0x0000015b96531ee0 DEOPT UNPACKING pc=0x0000015ba5d19d22 sp=0x000000545b8fefa8 mode 2
Event: 1.621 Thread 0x0000015b96531ee0 Uncommon trap: trap_request=0xffffff45 fr.pc=0x0000015ba647c130 relative=0x0000000000000470
Event: 1.621 Thread 0x0000015b96531ee0 Uncommon trap: reason=unstable_if action=reinterpret pc=0x0000015ba647c130 method=java.util.HashMap.hash(Ljava/lang/Object;)I @ 1 c2
Event: 1.621 Thread 0x0000015b96531ee0 DEOPT PACKING pc=0x0000015ba647c130 sp=0x000000545b8ff100
Event: 1.621 Thread 0x0000015b96531ee0 DEOPT UNPACKING pc=0x0000015ba5d19d22 sp=0x000000545b8ff008 mode 2
Event: 1.659 Thread 0x0000015b96531ee0 Uncommon trap: trap_request=0xffffff45 fr.pc=0x0000015ba6442b70 relative=0x00000000000003d0
Event: 1.659 Thread 0x0000015b96531ee0 Uncommon trap: reason=unstable_if action=reinterpret pc=0x0000015ba6442b70 method=java.lang.StringUTF16.compress([CII)[B @ 13 c2
Event: 1.659 Thread 0x0000015b96531ee0 DEOPT PACKING pc=0x0000015ba6442b70 sp=0x000000545b8fe9d0
Event: 1.659 Thread 0x0000015b96531ee0 DEOPT UNPACKING pc=0x0000015ba5d19d22 sp=0x000000545b8fe8b8 mode 2
Event: 1.659 Thread 0x0000015b96531ee0 Uncommon trap: trap_request=0xffffff45 fr.pc=0x0000015ba64185ec relative=0x000000000000006c
Event: 1.659 Thread 0x0000015b96531ee0 Uncommon trap: reason=unstable_if action=reinterpret pc=0x0000015ba64185ec method=java.lang.String.isLatin1()Z @ 10 c2
Event: 1.659 Thread 0x0000015b96531ee0 DEOPT PACKING pc=0x0000015ba64185ec sp=0x000000545b8fea60
Event: 1.659 Thread 0x0000015b96531ee0 DEOPT UNPACKING pc=0x0000015ba5d19d22 sp=0x000000545b8fe9f0 mode 2
Event: 1.697 Thread 0x0000015bc0c4ab30 Uncommon trap: trap_request=0xffffff45 fr.pc=0x0000015ba64819f8 relative=0x00000000000002b8
Event: 1.697 Thread 0x0000015bc0c4ab30 Uncommon trap: reason=unstable_if action=reinterpret pc=0x0000015ba64819f8 method=sun.nio.ch.Util$BufferCache.get(I)Ljava/nio/ByteBuffer; @ 25 c2
Event: 1.697 Thread 0x0000015bc0c4ab30 DEOPT PACKING pc=0x0000015ba64819f8 sp=0x000000545ceff000
Event: 1.697 Thread 0x0000015bc0c4ab30 DEOPT UNPACKING pc=0x0000015ba5d19d22 sp=0x000000545cefef50 mode 2

Classes loaded (20 events):
Event: 1.699 Loading class Menu
Event: 1.699 Loading class Menu done
Event: 1.699 Loading class Menu
Event: 1.699 Loading class Menu done
Event: 1.699 Loading class javax/swing/JMenuItemAccelerator
Event: 1.699 Loading class javax/swing/JMenuItemAccelerator done
Event: 1.699 Loading class MenuItemAccelerator
Event: 1.699 Loading class MenuItemAccelerator done
Event: 1.699 Loading class javax/swing/JPopupMenu
Event: 1.699 Loading class javax/swing/JPopupMenu done
Event: 1.701 Loading class PopupMenu
Event: 1.701 Loading class PopupMenu done
Event: 1.701 Loading class javax/swing/JPopupMenuSeparator
Event: 1.701 Loading class javax/swing/JPopupMenuSeparator done
Event: 1.701 Loading class PopupMenuSeparator
Event: 1.701 Loading class PopupMenuSeparator done
Event: 1.701 Loading class javax/swing/JOptionPane
Event: 1.701 Loading class javax/swing/JOptionPane done
Event: 1.702 Loading class org/netbeans/lib/profiler/wireprotocol/GetMethodNamesForJMethodIdsCommand
Event: 1.702 Loading class org/netbeans/lib/profiler/wireprotocol/GetMethodNamesForJMethodIdsCommand done

Classes unloaded (0 events):
No events

Classes redefined (0 events):
No events

Internal exceptions (20 events):
Event: 1.697 Thread 0x0000015b96531ee0 Exception <a 'java/lang/ClassNotFoundException'{0x000000061daa6150}: MenuItemAccelerator> (0x000000061daa6150) 
thrown [s\src\hotspot\share\classfile\systemDictionary.cpp, line 305]
Event: 1.697 Thread 0x0000015b96531ee0 Exception <a 'java/lang/ClassNotFoundException'{0x000000061daa65b0}: MenuItem> (0x000000061daa65b0) 
thrown [s\src\hotspot\share\classfile\systemDictionary.cpp, line 305]
Event: 1.697 Thread 0x0000015b96531ee0 Exception <a 'java/lang/ClassNotFoundException'{0x000000061daa6ac8}: MenuItem> (0x000000061daa6ac8) 
thrown [s\src\hotspot\share\classfile\systemDictionary.cpp, line 305]
Event: 1.697 Thread 0x0000015b96531ee0 Exception <a 'java/lang/ClassNotFoundException'{0x000000061db2eb30}: javax/swing/JMenuItemAccelerator> (0x000000061db2eb30) 
thrown [s\src\hotspot\share\classfile\systemDictionary.cpp, line 305]
Event: 1.697 Thread 0x0000015b96531ee0 Exception <a 'java/lang/ClassNotFoundException'{0x000000061db2ee48}: MenuItemAccelerator> (0x000000061db2ee48) 
thrown [s\src\hotspot\share\classfile\systemDictionary.cpp, line 305]
Event: 1.698 Thread 0x0000015b96531ee0 Exception <a 'java/lang/ClassNotFoundException'{0x000000061db36610}: RadioButtonMenuItem> (0x000000061db36610) 
thrown [s\src\hotspot\share\classfile\systemDictionary.cpp, line 305]
Event: 1.698 Thread 0x0000015b96531ee0 Exception <a 'java/lang/ClassNotFoundException'{0x000000061db36b58}: RadioButtonMenuItem> (0x000000061db36b58) 
thrown [s\src\hotspot\share\classfile\systemDictionary.cpp, line 305]
Event: 1.698 Thread 0x0000015b96531ee0 Exception <a 'java/lang/ClassNotFoundException'{0x000000061db36ed8}: javax/swing/JMenuItemAccelerator> (0x000000061db36ed8) 
thrown [s\src\hotspot\share\classfile\systemDictionary.cpp, line 305]
Event: 1.698 Thread 0x0000015b96531ee0 Exception <a 'java/lang/ClassNotFoundException'{0x000000061db371f0}: MenuItemAccelerator> (0x000000061db371f0) 
thrown [s\src\hotspot\share\classfile\systemDictionary.cpp, line 305]
Event: 1.699 Thread 0x0000015b96531ee0 Exception <a 'java/lang/ClassNotFoundException'{0x000000061db3ec48}: CheckBoxMenuItem> (0x000000061db3ec48) 
thrown [s\src\hotspot\share\classfile\systemDictionary.cpp, line 305]
Event: 1.699 Thread 0x0000015b96531ee0 Exception <a 'java/lang/ClassNotFoundException'{0x000000061db3f180}: CheckBoxMenuItem> (0x000000061db3f180) 
thrown [s\src\hotspot\share\classfile\systemDictionary.cpp, line 305]
Event: 1.699 Thread 0x0000015b96531ee0 Exception <a 'java/lang/ClassNotFoundException'{0x000000061db3f500}: javax/swing/JMenuItemAccelerator> (0x000000061db3f500) 
thrown [s\src\hotspot\share\classfile\systemDictionary.cpp, line 305]
Event: 1.699 Thread 0x0000015b96531ee0 Exception <a 'java/lang/ClassNotFoundException'{0x000000061db3f818}: MenuItemAccelerator> (0x000000061db3f818) 
thrown [s\src\hotspot\share\classfile\systemDictionary.cpp, line 305]
Event: 1.699 Thread 0x0000015b96531ee0 Exception <a 'java/lang/ClassNotFoundException'{0x000000061db3fc38}: Menu> (0x000000061db3fc38) 
thrown [s\src\hotspot\share\classfile\systemDictionary.cpp, line 305]
Event: 1.699 Thread 0x0000015b96531ee0 Exception <a 'java/lang/ClassNotFoundException'{0x000000061db40108}: Menu> (0x000000061db40108) 
thrown [s\src\hotspot\share\classfile\systemDictionary.cpp, line 305]
Event: 1.699 Thread 0x0000015b96531ee0 Exception <a 'java/lang/ClassNotFoundException'{0x000000061db40488}: javax/swing/JMenuItemAccelerator> (0x000000061db40488) 
thrown [s\src\hotspot\share\classfile\systemDictionary.cpp, line 305]
Event: 1.699 Thread 0x0000015b96531ee0 Exception <a 'java/lang/ClassNotFoundException'{0x000000061db407a0}: MenuItemAccelerator> (0x000000061db407a0) 
thrown [s\src\hotspot\share\classfile\systemDictionary.cpp, line 305]
Event: 1.701 Thread 0x0000015b96531ee0 Exception <a 'java/lang/ClassNotFoundException'{0x000000061db5aae0}: PopupMenu> (0x000000061db5aae0) 
thrown [s\src\hotspot\share\classfile\systemDictionary.cpp, line 305]
Event: 1.701 Thread 0x0000015b96531ee0 Exception <a 'java/lang/ClassNotFoundException'{0x000000061db5af60}: javax/swing/JPopupMenuSeparator> (0x000000061db5af60) 
thrown [s\src\hotspot\share\classfile\systemDictionary.cpp, line 305]
Event: 1.701 Thread 0x0000015b96531ee0 Exception <a 'java/lang/ClassNotFoundException'{0x000000061db5b278}: PopupMenuSeparator> (0x000000061db5b278) 
thrown [s\src\hotspot\share\classfile\systemDictionary.cpp, line 305]

VM Operations (20 events):
Event: 0.063 Executing VM operation: HandshakeAllThreads
Event: 0.063 Executing VM operation: HandshakeAllThreads done
Event: 0.093 Executing VM operation: HandshakeAllThreads
Event: 0.093 Executing VM operation: HandshakeAllThreads done
Event: 0.111 Executing VM operation: HandshakeAllThreads
Event: 0.111 Executing VM operation: HandshakeAllThreads done
Event: 0.314 Executing VM operation: HandshakeAllThreads
Event: 0.314 Executing VM operation: HandshakeAllThreads done
Event: 0.314 Executing VM operation: HandshakeAllThreads
Event: 0.314 Executing VM operation: HandshakeAllThreads done
Event: 0.705 Executing VM operation: ICBufferFull
Event: 0.705 Executing VM operation: ICBufferFull done
Event: 0.719 Executing VM operation: G1CollectForAllocation
Event: 0.722 Executing VM operation: G1CollectForAllocation done
Event: 0.740 Executing VM operation: G1CollectForAllocation
Event: 0.741 Executing VM operation: G1CollectForAllocation done
Event: 1.425 Executing VM operation: HandshakeAllThreads
Event: 1.425 Executing VM operation: HandshakeAllThreads done
Event: 1.625 Executing VM operation: HandshakeAllThreads
Event: 1.625 Executing VM operation: HandshakeAllThreads done

Events (20 events):
Event: 0.388 Thread 0x0000015bc0ea5360 Thread added: 0x0000015bc0ea5360
Event: 0.412 Thread 0x0000015bc0fba8c0 Thread added: 0x0000015bc0fba8c0
Event: 0.415 Thread 0x0000015bc0fba8c0 Thread exited: 0x0000015bc0fba8c0
Event: 0.614 Thread 0x0000015bc0ea5360 Thread exited: 0x0000015bc0ea5360
Event: 0.614 Thread 0x0000015bc0ea4dd0 Thread exited: 0x0000015bc0ea4dd0
Event: 0.615 Thread 0x0000015bc0f36b90 Thread exited: 0x0000015bc0f36b90
Event: 0.678 Thread 0x0000015bc146dbe0 Thread added: 0x0000015bc146dbe0
Event: 0.678 Thread 0x0000015bc1476910 Thread added: 0x0000015bc1476910
Event: 0.695 Thread 0x0000015bc11bfdf0 Thread added: 0x0000015bc11bfdf0
Event: 0.726 Thread 0x0000015bc1454940 Thread added: 0x0000015bc1454940
Event: 0.739 Thread 0x0000015bc12cdb80 Thread added: 0x0000015bc12cdb80
Event: 0.742 Thread 0x0000015bc136d4a0 Thread added: 0x0000015bc136d4a0
Event: 0.923 Thread 0x0000015bc15c0ae0 Thread added: 0x0000015bc15c0ae0
Event: 1.189 Thread 0x0000015bc136d4a0 Thread exited: 0x0000015bc136d4a0
Event: 1.219 Thread 0x0000015bc15bf050 Thread added: 0x0000015bc15bf050
Event: 1.219 Thread 0x0000015bc11bfdf0 Thread exited: 0x0000015bc11bfdf0
Event: 1.425 Thread 0x0000015bc15bf5a0 Thread added: 0x0000015bc15bf5a0
Event: 1.427 Thread 0x0000015bc15beb00 Thread added: 0x0000015bc15beb00
Event: 1.428 Thread 0x0000015bc15c1580 Thread added: 0x0000015bc15c1580
Event: 1.514 Thread 0x0000015bc12cdb80 Thread exited: 0x0000015bc12cdb80


Dynamic libraries:
0x00007ff7e5330000 - 0x00007ff7e533e000 	C:\Program Files\Eclipse Adoptium\jdk-20.0.1.9-hotspot\bin\java.exe
0x00007ffaa3710000 - 0x00007ffaa3924000 	C:\WINDOWS\SYSTEM32\ntdll.dll
0x00007ffa69800000 - 0x00007ffa69819000 	C:\Program Files\AVAST Software\Avast\aswhook.dll
0x00007ffaa2450000 - 0x00007ffaa2512000 	C:\WINDOWS\System32\KERNEL32.DLL
0x00007ffaa0d70000 - 0x00007ffaa1113000 	C:\WINDOWS\System32\KERNELBASE.dll
0x00007ffaa1120000 - 0x00007ffaa1231000 	C:\WINDOWS\System32\ucrtbase.dll
0x00007ffa95590000 - 0x00007ffa955ab000 	C:\Program Files\Eclipse Adoptium\jdk-20.0.1.9-hotspot\bin\VCRUNTIME140.dll
0x00007ffa7def0000 - 0x00007ffa7df07000 	C:\Program Files\Eclipse Adoptium\jdk-20.0.1.9-hotspot\bin\jli.dll
0x00007ffaa2280000 - 0x00007ffaa242a000 	C:\WINDOWS\System32\USER32.dll
0x00007ffaa14c0000 - 0x00007ffaa14e6000 	C:\WINDOWS\System32\win32u.dll
0x00007ffaa2520000 - 0x00007ffaa2549000 	C:\WINDOWS\System32\GDI32.dll
0x00007ffaa1240000 - 0x00007ffaa1359000 	C:\WINDOWS\System32\gdi32full.dll
0x00007ffa83100000 - 0x00007ffa8338e000 	C:\WINDOWS\WinSxS\amd64_microsoft.windows.common-controls_6595b64144ccf1df_6.0.22621.1635_none_270f70857386168e\COMCTL32.dll
0x00007ffaa1420000 - 0x00007ffaa14ba000 	C:\WINDOWS\System32\msvcp_win.dll
0x00007ffaa1740000 - 0x00007ffaa17e7000 	C:\WINDOWS\System32\msvcrt.dll
0x00007ffaa2230000 - 0x00007ffaa2261000 	C:\WINDOWS\System32\IMM32.DLL
0x00007ffa95580000 - 0x00007ffa9558c000 	C:\Program Files\Eclipse Adoptium\jdk-20.0.1.9-hotspot\bin\vcruntime140_1.dll
0x00007ffa68650000 - 0x00007ffa686dd000 	C:\Program Files\Eclipse Adoptium\jdk-20.0.1.9-hotspot\bin\msvcp140.dll
0x00007ff9ca060000 - 0x00007ff9cad6e000 	C:\Program Files\Eclipse Adoptium\jdk-20.0.1.9-hotspot\bin\server\jvm.dll
0x00007ffaa2c10000 - 0x00007ffaa2cbe000 	C:\WINDOWS\System32\ADVAPI32.dll
0x00007ffaa3620000 - 0x00007ffaa36c4000 	C:\WINDOWS\System32\sechost.dll
0x00007ffaa2060000 - 0x00007ffaa2177000 	C:\WINDOWS\System32\RPCRT4.dll
0x00007ffa8b990000 - 0x00007ffa8b999000 	C:\WINDOWS\SYSTEM32\WSOCK32.dll
0x00007ffaa2550000 - 0x00007ffaa25c1000 	C:\WINDOWS\System32\WS2_32.dll
0x00007ffa99960000 - 0x00007ffa99994000 	C:\WINDOWS\SYSTEM32\WINMM.dll
0x00007ffa9adb0000 - 0x00007ffa9adba000 	C:\WINDOWS\SYSTEM32\VERSION.dll
0x00007ffa9fb10000 - 0x00007ffa9fb28000 	C:\WINDOWS\SYSTEM32\kernel.appcore.dll
0x00007ffa95570000 - 0x00007ffa9557a000 	C:\Program Files\Eclipse Adoptium\jdk-20.0.1.9-hotspot\bin\jimage.dll
0x00007ffa92490000 - 0x00007ffa926be000 	C:\WINDOWS\SYSTEM32\DBGHELP.DLL
0x00007ffaa2870000 - 0x00007ffaa2bf9000 	C:\WINDOWS\System32\combase.dll
0x00007ffaa17f0000 - 0x00007ffaa18c7000 	C:\WINDOWS\System32\OLEAUT32.dll
0x00007ffa93960000 - 0x00007ffa93992000 	C:\WINDOWS\SYSTEM32\dbgcore.DLL
0x00007ffaa0b10000 - 0x00007ffaa0b8a000 	C:\WINDOWS\System32\bcryptPrimitives.dll
0x00007ffa7dee0000 - 0x00007ffa7deef000 	C:\Program Files\NetBeans-18\netbeans\profiler\lib\deployed\jdk16\windows-amd64\profilerinterface.dll
0x00007ffa7de70000 - 0x00007ffa7de96000 	C:\Program Files\Eclipse Adoptium\jdk-20.0.1.9-hotspot\bin\java.dll
0x00007ffa72780000 - 0x00007ffa72798000 	C:\Program Files\Eclipse Adoptium\jdk-20.0.1.9-hotspot\bin\zip.dll
0x00007ffa686e0000 - 0x00007ffa687b7000 	C:\Program Files\Eclipse Adoptium\jdk-20.0.1.9-hotspot\bin\jsvml.dll
0x00007ffaa2e20000 - 0x00007ffaa3619000 	C:\WINDOWS\System32\SHELL32.dll
0x00007ffa9eab0000 - 0x00007ffa9f37e000 	C:\WINDOWS\SYSTEM32\windows.storage.dll
0x00007ffa9e970000 - 0x00007ffa9eaae000 	C:\WINDOWS\SYSTEM32\wintypes.dll
0x00007ffaa2d20000 - 0x00007ffaa2e11000 	C:\WINDOWS\System32\SHCORE.dll
0x00007ffaa1920000 - 0x00007ffaa197e000 	C:\WINDOWS\System32\shlwapi.dll
0x00007ffaa0a40000 - 0x00007ffaa0a66000 	C:\WINDOWS\SYSTEM32\profapi.dll
0x00007ffa7de40000 - 0x00007ffa7de53000 	C:\Program Files\Eclipse Adoptium\jdk-20.0.1.9-hotspot\bin\net.dll
0x00007ffa9a680000 - 0x00007ffa9a7b7000 	C:\WINDOWS\SYSTEM32\WINHTTP.dll
0x00007ffa9fff0000 - 0x00007ffaa0059000 	C:\WINDOWS\system32\mswsock.dll
0x00007ffa74dd0000 - 0x00007ffa74de6000 	C:\Program Files\Eclipse Adoptium\jdk-20.0.1.9-hotspot\bin\nio.dll
0x00007ffa8ead0000 - 0x00007ffa8ead7000 	C:\Program Files\Eclipse Adoptium\jdk-20.0.1.9-hotspot\bin\extnet.dll
0x00007ffa7d150000 - 0x00007ffa7d159000 	C:\Program Files\Eclipse Adoptium\jdk-20.0.1.9-hotspot\bin\management.dll
0x00007ffa78f30000 - 0x00007ffa78f3b000 	C:\Program Files\Eclipse Adoptium\jdk-20.0.1.9-hotspot\bin\management_ext.dll
0x00007ffaa2270000 - 0x00007ffaa2278000 	C:\WINDOWS\System32\PSAPI.DLL
0x00007ffaa0390000 - 0x00007ffaa03ab000 	C:\WINDOWS\SYSTEM32\CRYPTSP.dll
0x00007ffa9fa80000 - 0x00007ffa9fab5000 	C:\WINDOWS\system32\rsaenh.dll
0x00007ffaa0090000 - 0x00007ffaa00bc000 	C:\WINDOWS\SYSTEM32\USERENV.dll
0x00007ffaa04c0000 - 0x00007ffaa04e8000 	C:\WINDOWS\SYSTEM32\bcrypt.dll
0x00007ffaa0370000 - 0x00007ffaa037c000 	C:\WINDOWS\SYSTEM32\CRYPTBASE.dll
0x00007ffa9f5e0000 - 0x00007ffa9f60d000 	C:\WINDOWS\SYSTEM32\IPHLPAPI.DLL
0x00007ffaa1730000 - 0x00007ffaa1739000 	C:\WINDOWS\System32\NSI.dll
0x00007ffa9a660000 - 0x00007ffa9a679000 	C:\WINDOWS\SYSTEM32\dhcpcsvc6.DLL
0x00007ffa9a560000 - 0x00007ffa9a57f000 	C:\WINDOWS\SYSTEM32\dhcpcsvc.DLL
0x00007ffa9f650000 - 0x00007ffa9f743000 	C:\WINDOWS\SYSTEM32\DNSAPI.dll
0x00007ff9e14c0000 - 0x00007ff9e1650000 	C:\Program Files\Eclipse Adoptium\jdk-20.0.1.9-hotspot\bin\awt.dll
0x00007ffa9e000000 - 0x00007ffa9e097000 	C:\WINDOWS\SYSTEM32\apphelp.dll
0x00007ffa9e400000 - 0x00007ffa9e42b000 	C:\WINDOWS\system32\DWMAPI.DLL
0x00007ffa9e0e0000 - 0x00007ffa9e18b000 	C:\WINDOWS\system32\uxtheme.dll
0x00007ff9e1950000 - 0x00007ff9e1a50000 	C:\WINDOWS\system32\opengl32.dll
0x00007ff9c0130000 - 0x00007ff9c015d000 	C:\WINDOWS\SYSTEM32\GLU32.dll
0x00007ffa9e1c0000 - 0x00007ffa9e1f8000 	C:\WINDOWS\SYSTEM32\dxcore.dll
0x00007ffaa14f0000 - 0x00007ffaa1617000 	C:\WINDOWS\System32\MSCTF.dll
0x00007ffaa25d0000 - 0x00007ffaa276c000 	C:\WINDOWS\System32\ole32.dll
0x00007ffa6c910000 - 0x00007ffa6cab9000 	C:\WINDOWS\system32\d3d9.dll
0x00007ffa999a0000 - 0x00007ffa99b5b000 	C:\WINDOWS\System32\DriverStore\FileRepository\u0393367.inf_amd64_6fba1387e8658583\B393268\aticfx64.dll
0x00007ffa699f0000 - 0x00007ffa6c8b1000 	C:\WINDOWS\System32\DriverStore\FileRepository\u0393367.inf_amd64_6fba1387e8658583\B393268\amdxn64.dll
0x00007ffaa1be0000 - 0x00007ffaa2054000 	C:\WINDOWS\System32\SETUPAPI.dll
0x00007ffa9e200000 - 0x00007ffa9e2f6000 	C:\WINDOWS\SYSTEM32\dxgi.dll
0x00007ffa95050000 - 0x00007ffa95085000 	C:\WINDOWS\SYSTEM32\amdihk64.dll
0x00007ffa9bf60000 - 0x00007ffa9bfa8000 	C:\WINDOWS\SYSTEM32\directxdatabasehelper.dll
0x00007ffa61a50000 - 0x00007ffa61ad6000 	C:\Program Files\Eclipse Adoptium\jdk-20.0.1.9-hotspot\bin\freetype.dll
0x00007ffa61440000 - 0x00007ffa61505000 	C:\Program Files\Eclipse Adoptium\jdk-20.0.1.9-hotspot\bin\fontmanager.dll

dbghelp: loaded successfully - version: 4.0.5 - missing functions: none
symbol engine: initialized successfully - sym options: 0x614 - pdb path: .;C:\Program Files\Eclipse Adoptium\jdk-20.0.1.9-hotspot\bin;C:\WINDOWS\SYSTEM32;C:\Program Files\AVAST Software\Avast;C:\WINDOWS\WinSxS\amd64_microsoft.windows.common-controls_6595b64144ccf1df_6.0.22621.1635_none_270f70857386168e;C:\Program Files\Eclipse Adoptium\jdk-20.0.1.9-hotspot\bin\server;C:\Program Files\NetBeans-18\netbeans\profiler\lib\deployed\jdk16\windows-amd64;C:\WINDOWS\System32\DriverStore\FileRepository\u0393367.inf_amd64_6fba1387e8658583\B393268

VM Arguments:
jvm_args: -Dfile.encoding=UTF-8 -agentpath:C:/Program Files/NetBeans-18/netbeans/profiler/lib/deployed/jdk16/windows-amd64/profilerinterface.dll=C:\\Program Files\\NetBeans-18\\netbeans\\profiler\\lib,5140,10 -XX:+HeapDumpOnOutOfMemoryError -XX:HeapDumpPath=C:\\Users\\Mark\\Documents\\NetbeansProjects\\SortingVisualiser\\nbproject\\private\\profiler --module-path=C:\Users\Mark\Documents\NetbeansProjects\SortingVisualiser\build\classes 
java_command: sortingvisualiser.Main
java_class_path (initial): C:\Users\Mark\Documents\NetbeansProjects\SortingVisualiser\build\classes
Launcher Type: SUN_STANDARD

[Global flags]
     intx CICompilerCount                          = 12                                        {product} {ergonomic}
     uint ConcGCThreads                            = 3                                         {product} {ergonomic}
     uint G1ConcRefinementThreads                  = 13                                        {product} {ergonomic}
   size_t G1HeapRegionSize                         = 4194304                                   {product} {ergonomic}
    uintx GCDrainStackTargetSize                   = 64                                        {product} {ergonomic}
     bool HeapDumpOnOutOfMemoryError               = true                                   {manageable} {command line}
    ccstr HeapDumpPath                             = C:\\Users\\Mark\\Documents\\NetbeansProjects\\SortingVisualiser\\nbproject\\private\\profiler         {manageable} {command line}
   size_t InitialHeapSize                          = 536870912                                 {product} {ergonomic}
   size_t MarkStackSize                            = 4194304                                   {product} {ergonomic}
   size_t MaxHeapSize                              = 8573157376                                {product} {ergonomic}
   size_t MaxNewSize                               = 5142216704                                {product} {ergonomic}
   size_t MinHeapDeltaBytes                        = 4194304                                   {product} {ergonomic}
   size_t MinHeapSize                              = 8388608                                   {product} {ergonomic}
    uintx NonNMethodCodeHeapSize                   = 7602480                                {pd product} {ergonomic}
    uintx NonProfiledCodeHeapSize                  = 122027880                              {pd product} {ergonomic}
    uintx ProfiledCodeHeapSize                     = 122027880                              {pd product} {ergonomic}
    uintx ReservedCodeCacheSize                    = 251658240                              {pd product} {ergonomic}
     bool SegmentedCodeCache                       = true                                      {product} {ergonomic}
   size_t SoftMaxHeapSize                          = 8573157376                             {manageable} {ergonomic}
     bool UseCompressedClassPointers               = true                           {product lp64_product} {ergonomic}
     bool UseCompressedOops                        = true                           {product lp64_product} {ergonomic}
     bool UseG1GC                                  = true                                      {product} {ergonomic}
     bool UseLargePagesIndividualAllocation        = false                                  {pd product} {ergonomic}

Logging:
Log output configuration:
 #0: stdout all=warning uptime,level,tags foldmultilines=false
 #1: stderr all=off uptime,level,tags foldmultilines=false

Environment Variables:
JAVA_HOME=C:\Program Files\Eclipse Adoptium\jdk-20.0.1.9-hotspot
PATH=C:\Python311\Scripts\;C:\Python311\;C:\Program Files\Eclipse Adoptium\jdk-20.0.1.9-hotspot\bin;C:\WINDOWS\system32;C:\WINDOWS;C:\WINDOWS\System32\Wbem;C:\WINDOWS\System32\WindowsPowerShell\v1.0\;C:\WINDOWS\System32\OpenSSH\;C:\Program Files (x86)\NVIDIA Corporation\PhysX\Common;C:\Program Files\Intel\WiFi\bin\;C:\Program Files\Common Files\Intel\WirelessCommon\;C:\WINDOWS\system32;C:\WINDOWS;C:\WINDOWS\System32\Wbem;C:\WINDOWS\System32\WindowsPowerShell\v1.0\;C:\WINDOWS\System32\OpenSSH\;C:\Program Files\Docker\Docker\resources\bin;C:\ProgramData\DockerDesktop\version-bin;C:\Program Files\TortoiseSVN\bin;C:\Program Files\dotnet\;C:\Program Files\PuTTY\;C:\Program Files (x86)\Inno Setup 6;C:\Program Files\nodejs\;C:\ProgramData\chocolatey\bin;C:\Program Files (x86)\WiX Toolset v3.11\bin;C:\Program Files\Git\cmd;C:\Users\Mark\AppData\Local\Microsoft\WindowsApps;C:\Program Files\Intel\WiFi\bin\;C:\Program Files\Common Files\Intel\WirelessCommon\;C:\Users\Mark\AppData\Roaming\npm;
USERNAME=Mark
OS=Windows_NT
PROCESSOR_IDENTIFIER=AMD64 Family 25 Model 33 Stepping 2, AuthenticAMD
TMP=C:\Users\Mark\AppData\Local\Temp
TEMP=C:\Users\Mark\AppData\Local\Temp




---------------  S Y S T E M  ---------------

OS:
 Windows 11 , 64 bit Build 22621 (10.0.22621.1928)
OS uptime: 0 days 2:42 hours
Hyper-V role detected

CPU: total 16 (initial active 16) (16 cores per cpu, 2 threads per core) family 25 model 33 stepping 2 microcode 0x0, cx8, cmov, fxsr, ht, mmx, 3dnowpref, sse, sse2, sse3, ssse3, sse4a, sse4.1, sse4.2, popcnt, lzcnt, tsc, tscinvbit, avx, avx2, aes, erms, clmul, bmi1, bmi2, adx, sha, fma, vzeroupper, clflush, clflushopt, hv, rdtscp, rdpid, fsrm, f16c, cet_ss

Memory: 4k page, system-wide physical 32690M (19442M free)
TotalPageFile size 50098M (AvailPageFile size 25454M)
current process WorkingSet (physical memory assigned to process): 194M, peak: 201M
current process commit charge ("private bytes"): 694M, peak: 701M

vm_info: OpenJDK 64-Bit Server VM (20.0.1+9) for windows-amd64 JRE (20.0.1+9), built on 2023-04-18T00:00:00Z by "temurin" with MS VC++ 16.10 / 16.11 (VS2019)

END.
